21:08:23.160121 execve("/usr/bin/clear", ["clear"], 0xfffffbf4b558 /* 46 vars */) = 0 <0.000479>
21:08:23.161160 brk(NULL)               = 0xaaaaf4171000 <0.000073>
21:08:23.161395 mmap(NULL, 8192, PROT_READ|PROT_WRITE, MAP_PRIVATE|MAP_ANONYMOUS, -1, 0) = 0xffffa4022000 <0.000082>
21:08:23.161614 faccessat(AT_FDCWD, "/etc/ld.so.preload", R_OK) = -1 ENOENT (No such file or directory) <0.000087>
21:08:23.161927 openat(AT_FDCWD, "/etc/ld.so.cache", O_RDONLY|O_CLOEXEC) = 3 <0.000105>
21:08:23.162131 newfstatat(3, "", {st_mode=S_IFREG|0644, st_size=62299, ...}, AT_EMPTY_PATH) = 0 <0.000097>
21:08:23.162360 mmap(NULL, 62299, PROT_READ, MAP_PRIVATE, 3, 0) = 0xffffa4012000 <0.000077>
21:08:23.162509 close(3)                = 0 <0.000060>
21:08:23.162667 openat(AT_FDCWD, "/lib/aarch64-linux-gnu/libtinfo.so.6", O_RDONLY|O_CLOEXEC) = 3 <0.000083>
21:08:23.162848 read(3, "\177ELF\2\1\1\0\0\0\0\0\0\0\0\0\3\0\267\0\1\0\0\0\0\0\0\0\0\0\0\0"..., 832) = 832 <0.000117>
21:08:23.163144 newfstatat(3, "", {st_mode=S_IFREG|0644, st_size=199888, ...}, AT_EMPTY_PATH) = 0 <0.000106>
21:08:23.163444 mmap(NULL, 329928, PROT_NONE, MAP_PRIVATE|MAP_ANONYMOUS, -1, 0) = 0xffffa3f98000 <0.000186>
21:08:23.163820 mmap(0xffffa3fa0000, 264392, PROT_READ|PROT_EXEC, MAP_PRIVATE|MAP_FIXED|MAP_DENYWRITE, 3, 0) = 0xffffa3fa0000 <0.000118>
21:08:23.164038 munmap(0xffffa3f98000, 32768) = 0 <0.000079>
21:08:23.164211 munmap(0xffffa3fe1000, 30920) = 0 <0.000088>
21:08:23.164393 mprotect(0xffffa3fcb000, 69632, PROT_NONE) = 0 <0.000077>
21:08:23.164567 mmap(0xffffa3fdc000, 20480, PROT_READ|PROT_WRITE, MAP_PRIVATE|MAP_FIXED|MAP_DENYWRITE, 3, 0x2c000) = 0xffffa3fdc000 <0.000093>
21:08:23.164913 close(3)                = 0 <0.000122>
21:08:23.165202 openat(AT_FDCWD, "/lib/aarch64-linux-gnu/libc.so.6", O_RDONLY|O_CLOEXEC) = 3 <0.000144>
21:08:23.165510 read(3, "\177ELF\2\1\1\3\0\0\0\0\0\0\0\0\3\0\267\0\1\0\0\0\260o\2\0\0\0\0\0"..., 832) = 832 <0.000167>
21:08:23.165846 newfstatat(3, "", {st_mode=S_IFREG|0644, st_size=1657752, ...}, AT_EMPTY_PATH) = 0 <0.000155>
21:08:23.166170 mmap(NULL, 1826944, PROT_NONE, MAP_PRIVATE|MAP_ANONYMOUS, -1, 0) = 0xffffa3de1000 <0.000065>
21:08:23.166355 mmap(0xffffa3df0000, 1761408, PROT_READ|PROT_EXEC, MAP_PRIVATE|MAP_FIXED|MAP_DENYWRITE, 3, 0) = 0xffffa3df0000 <0.000129>
21:08:23.166574 munmap(0xffffa3de1000, 61440) = 0 <0.000100>
21:08:23.166759 munmap(0xffffa3f9f000, 128) = 0 <0.000102>
21:08:23.167139 mprotect(0xffffa3f7b000, 73728, PROT_NONE) = 0 <0.000100>
21:08:23.167362 mmap(0xffffa3f8d000, 20480, PROT_READ|PROT_WRITE, MAP_PRIVATE|MAP_FIXED|MAP_DENYWRITE, 3, 0x18d000) = 0xffffa3f8d000 <0.000075>
21:08:23.167534 mmap(0xffffa3f92000, 49280, PROT_READ|PROT_WRITE, MAP_PRIVATE|MAP_FIXED|MAP_ANONYMOUS, -1, 0) = 0xffffa3f92000 <0.000180>
21:08:23.167846 close(3)                = 0 <0.000075>
21:08:23.168054 mmap(NULL, 8192, PROT_READ|PROT_WRITE, MAP_PRIVATE|MAP_ANONYMOUS, -1, 0) = 0xffffa4010000 <0.000077>
21:08:23.168249 set_tid_address(0xffffa40100f0) = 2798 <0.000068>
21:08:23.168419 set_robust_list(0xffffa4010100, 24) = 0 <0.000071>
21:08:23.168586 rseq(0xffffa4010740, 0x20, 0, 0xd428bc00) = 0 <0.000072>
21:08:23.168872 mprotect(0xffffa3f8d000, 12288, PROT_READ) = 0 <0.000112>
21:08:23.169230 mprotect(0xffffa3fdc000, 16384, PROT_READ) = 0 <0.000116>
21:08:23.169509 mprotect(0xaaaacff5f000, 4096, PROT_READ) = 0 <0.000178>
21:08:23.169823 mprotect(0xffffa4027000, 8192, PROT_READ) = 0 <0.000185>
21:08:23.170203 prlimit64(0, RLIMIT_STACK, NULL, {rlim_cur=8192*1024, rlim_max=RLIM64_INFINITY}) = 0 <0.000073>
21:08:23.170453 munmap(0xffffa4012000, 62299) = 0 <0.000093>
21:08:23.170790 ioctl(2, TCGETS, {c_iflag=ICRNL|IXON|IUTF8, c_oflag=NL0|CR0|TAB0|BS0|VT0|FF0|OPOST|ONLCR, c_cflag=B38400|CS8|CREAD, c_lflag=ISIG|ICANON|ECHO|ECHOE|ECHOK|IEXTEN|ECHOCTL|ECHOKE, ...}) = 0 <0.000108>
21:08:23.171184 getrandom("\x3c\x92\xcf\x5c\x16\x09\xcf\xe6", 8, GRND_NONBLOCK) = 8 <0.000144>
21:08:23.171464 brk(NULL)               = 0xaaaaf4171000 <0.000063>
21:08:23.171657 brk(0xaaaaf4192000)     = 0xaaaaf4192000 <0.000071>
21:08:23.172049 getuid()                = 1000 <0.000112>
21:08:23.172276 geteuid()               = 1000 <0.000094>
21:08:23.172474 getgid()                = 1000 <0.000113>
21:08:23.172785 getegid()               = 1000 <0.000159>
21:08:23.173225 getuid()                = 1000 <0.000123>
21:08:23.173485 geteuid()               = 1000 <0.000108>
21:08:23.173723 getgid()                = 1000 <0.000153>
21:08:23.174007 getegid()               = 1000 <0.000073>
21:08:23.174219 newfstatat(AT_FDCWD, "/home/ruslanzalikov/.terminfo", 0xaaaaf41716c0, 0) = -1 ENOENT (No such file or directory) <0.000112>
21:08:23.174468 newfstatat(AT_FDCWD, "/etc/terminfo", {st_mode=S_IFDIR|0755, st_size=4096, ...}, 0) = 0 <0.000160>
21:08:23.174746 newfstatat(AT_FDCWD, "/lib/terminfo", {st_mode=S_IFDIR|0755, st_size=4096, ...}, 0) = 0 <0.000106>
21:08:23.174963 newfstatat(AT_FDCWD, "/usr/share/terminfo", {st_mode=S_IFDIR|0755, st_size=4096, ...}, 0) = 0 <0.000127>
21:08:23.175233 faccessat(AT_FDCWD, "/etc/terminfo/x/xterm-256color", R_OK) = -1 ENOENT (No such file or directory) <0.000110>
21:08:23.175470 faccessat(AT_FDCWD, "/lib/terminfo/x/xterm-256color", R_OK) = 0 <0.000168>
21:08:23.175865 openat(AT_FDCWD, "/lib/terminfo/x/xterm-256color", O_RDONLY) = 3 <0.000114>
21:08:23.176115 newfstatat(3, "", {st_mode=S_IFREG|0644, st_size=3912, ...}, AT_EMPTY_PATH) = 0 <0.000110>
21:08:23.176384 read(3, "\36\2%\0&\0\17\0\235\1Z\6xterm-256color|xterm"..., 32768) = 3912 <0.000111>
21:08:23.176633 read(3, "", 28672)      = 0 <0.000092>
21:08:23.176863 close(3)                = 0 <0.000067>
21:08:23.177043 ioctl(2, TCGETS, {c_iflag=ICRNL|IXON|IUTF8, c_oflag=NL0|CR0|TAB0|BS0|VT0|FF0|OPOST|ONLCR, c_cflag=B38400|CS8|CREAD, c_lflag=ISIG|ICANON|ECHO|ECHOE|ECHOK|IEXTEN|ECHOCTL|ECHOKE, ...}) = 0 <0.000066>
21:08:23.177208 ioctl(2, TCGETS, {c_iflag=ICRNL|IXON|IUTF8, c_oflag=NL0|CR0|TAB0|BS0|VT0|FF0|OPOST|ONLCR, c_cflag=B38400|CS8|CREAD, c_lflag=ISIG|ICANON|ECHO|ECHOE|ECHOK|IEXTEN|ECHOCTL|ECHOKE, ...}) = 0 <0.000065>
21:08:23.177380 ioctl(2, TCGETS, {c_iflag=ICRNL|IXON|IUTF8, c_oflag=NL0|CR0|TAB0|BS0|VT0|FF0|OPOST|ONLCR, c_cflag=B38400|CS8|CREAD, c_lflag=ISIG|ICANON|ECHO|ECHOE|ECHOK|IEXTEN|ECHOCTL|ECHOKE, ...}) = 0 <0.000082>
21:08:23.177569 ioctl(2, TCGETS, {c_iflag=ICRNL|IXON|IUTF8, c_oflag=NL0|CR0|TAB0|BS0|VT0|FF0|OPOST|ONLCR, c_cflag=B38400|CS8|CREAD, c_lflag=ISIG|ICANON|ECHO|ECHOE|ECHOK|IEXTEN|ECHOCTL|ECHOKE, ...}) = 0 <0.000107>
21:08:23.177756 ioctl(2, TIOCGWINSZ, {ws_row=37, ws_col=135, ws_xpixel=0, ws_ypixel=0}) = 0 <0.000050>
21:08:23.177893 newfstatat(1, "", {st_mode=S_IFCHR|0620, st_rdev=makedev(0x88, 0), ...}, AT_EMPTY_PATH) = 0 <0.000105>
21:08:23.178089 write(1, "\33[H\33[2J\33[3J", 11) = 11 <0.000090>
21:08:23.178420 exit_group(0)           = ?
21:08:23.178655 +++ exited with 0 +++
